
 make.py started: 2018-04-01 17:34:32 C:\Users\giamb\Documents\GitHub\blowin_wind\analysis\covariates_balance\code 




Execute:  StataSE-64 /e do "./analysis.do"

  ___  ____  ____  ____  ____ (R)
 /__    /   ____/   /   ____/
___/   /   /___/   /   /___/   15.0   Copyright 1985-2017 StataCorp LLC
  Statistics/Data Analysis            StataCorp
                                      4905 Lakeway Drive
     Special Edition                  College Station, Texas 77845 USA
                                      800-STATA-PC        http://www.stata.com
                                      979-696-4600        stata@stata.com
                                      979-696-4601 (fax)

110-user Stata network perpetual license:
       Serial number:  401506201178
         Licensed to:  Brown University
                       Brown University

Notes:
      1.  Stata is running in batch mode.
      2.  Unicode is supported; see help unicode_advice.
      3.  Maximum number of variables is set to 5000; see help set_maxvar.

. do ./analysis.do 

. set more off

. adopath + ../../../lib/stata/gslab_misc/ado
  [1]  (BASE)      "C:\Program Files (x86)\Stata15\ado\base/"
  [2]  (SITE)      "C:\Program Files (x86)\Stata15\ado\site/"
  [3]              "."
  [4]  (PERSONAL)  "c:\ado\personal/"
  [5]  (PLUS)      "c:\ado\plus/"
  [6]  (OLDPLACE)  "c:\ado/"
  [7]              "../../../lib/stata/gslab_misc/ado"

. adopath + ../../../lib/third_party/stata_tools
  [1]  (BASE)      "C:\Program Files (x86)\Stata15\ado\base/"
  [2]  (SITE)      "C:\Program Files (x86)\Stata15\ado\site/"
  [3]              "."
  [4]  (PERSONAL)  "c:\ado\personal/"
  [5]  (PLUS)      "c:\ado\plus/"
  [6]  (OLDPLACE)  "c:\ado/"
  [7]              "../../../lib/stata/gslab_misc/ado"
  [8]              "../../../lib/third_party/stata_tools"

. preliminaries, loadglob("../../../lib/python/wind/input_params.txt")

. 
. program main
  1.     local table_file        = "../output/tables.txt"
  2.     local excluded_controls = "male_ratio white_ratio black_ratio asian_ratio"
  3.     local controls          = "avg_income pop elevation near_dist"
  4.     local inst              = "first_us_turb_pot_wind_cap"
  5. 
.     use "${GoogleDrive}/stata/build_wind_panel/wind_panel_zip_fhfa_controls.dta", clear
  6. 
.     bys regionname: egen ever_wind_farm = max(wind_farm)
  7.     duplicates drop regionname, force
  8.     
.     foreach control in `controls' {
  9.         local c_est = "_b[`inst'] \ _se[`inst']"
 10.         
.         sum `control'
 11.         matrix sample_means = (nullmat(sample_means) \ r(mean) \ r(sd))
 12. 
.         ttest `control', by(ever_wind_farm) unequal
 13.         cap matrix drop no_windfarm_means windfarm_means diff
 14.         matrix no_windfarm_means = (r(mu_1) \ r(sd_1))
 15.         matrix windfarm_means = (r(mu_2) \ r(sd_2))
 16.         matrix diff = (r(mu_2) - r(mu_1) \ r(se))
 17.         matrix by_windfarm_means = (nullmat(by_windfarm_means) \ (windfarm_means, no_windfarm_means, diff))
 18.         
.         reg `control' `inst'
 19.         matrix reg_means = (nullmat(reg_means) \ `c_est')
 20.         
.         local resid_controls: list controls- control
 21.         reg `control' `inst' `resid_controls'
 22.         matrix reg_control_means = (nullmat(reg_control_means) \ `c_est')
 23.     }
 24.     sample_sizes
 25.     matrix sample_size = r(sample_size)
 26. 
.     *matrix TABLE = ((sample_means, by_windfarm_means, ///
>     *                 reg_means, reg_control_means) \ sample_size)
.     matrix TABLE_SLIDE = ((sample_means, by_windfarm_means) \ sample_size)
 27. 
.     matrix_to_txt, saving(`table_file') mat(TABLE_SLIDE) ///
>         format(%20.5f) title(<tab:cov_balance_slide>) replace
 28. end

. 
. program sample_sizes, rclass
  1.     count
  2.     scalar N = r(N)
  3.     count if ever_wind_farm == 1
  4.     scalar wind_farm_N = r(N)
  5.     count if ever_wind_farm == 0
  6.     scalar no_wind_farm_N = r(N)
  7. 
.     matrix sample_size = (N, wind_farm_N, no_wind_farm_N, N)
  8.     return matrix sample_size = sample_size
  9. end

. 
. * Execute
. main

Duplicates in terms of regionname

(441,890 observations deleted)

    Variable |        Obs        Mean    Std. Dev.       Min        Max
-------------+---------------------------------------------------------
  avg_income |     16,618    56.44812    34.30338   18.67605   984.9697

Two-sample t test with unequal variances
------------------------------------------------------------------------------
   Group |     Obs        Mean    Std. Err.   Std. Dev.   [95% Conf. Interval]
---------+--------------------------------------------------------------------
       0 |  16,356    56.58882    .2700044    34.53102    56.05958    57.11806
       1 |     262    47.66458    .6786377    10.98471    46.32828    49.00088
---------+--------------------------------------------------------------------
combined |  16,618    56.44812    .2661016    34.30338    55.92653    56.96971
---------+--------------------------------------------------------------------
    diff |            8.924235    .7303776                7.487754    10.36072
------------------------------------------------------------------------------
    diff = mean(0) - mean(1)                                      t =  12.2187
Ho: diff = 0                     Satterthwaite's degrees of freedom =   350.03

    Ha: diff < 0                 Ha: diff != 0                 Ha: diff > 0
 Pr(T < t) = 1.0000         Pr(|T| > |t|) = 0.0000          Pr(T > t) = 0.0000

      Source |       SS           df       MS      Number of obs   =    16,618
-------------+----------------------------------   F(1, 16616)     =     57.65
       Model |   67611.677         1   67611.677   Prob > F        =    0.0000
    Residual |  19485975.9    16,616  1172.72363   R-squared       =    0.0035
-------------+----------------------------------   Adj R-squared   =    0.0034
       Total |  19553587.5    16,617  1176.72188   Root MSE        =    34.245

--------------------------------------------------------------------------------------------
                avg_income |      Coef.   Std. Err.      t    P>|t|     [95% Conf. Interval]
---------------------------+----------------------------------------------------------------
first_us_turb_pot_wind_cap |  -.1048458   .0138082    -7.59   0.000    -.1319114   -.0777802
                     _cons |   57.02859   .2764307   206.30   0.000     56.48676    57.57043
--------------------------------------------------------------------------------------------

      Source |       SS           df       MS      Number of obs   =    16,618
-------------+----------------------------------   F(4, 16613)     =     59.14
       Model |  274532.271         4  68633.0678   Prob > F        =    0.0000
    Residual |  19279055.3    16,613  1160.48006   R-squared       =    0.0140
-------------+----------------------------------   Adj R-squared   =    0.0138
       Total |  19553587.5    16,617  1176.72188   Root MSE        =    34.066

--------------------------------------------------------------------------------------------
                avg_income |      Coef.   Std. Err.      t    P>|t|     [95% Conf. Interval]
---------------------------+----------------------------------------------------------------
first_us_turb_pot_wind_cap |  -.0536944   .0146331    -3.67   0.000    -.0823768    -.025012
                       pop |   4.74e-06   .0000185     0.26   0.797    -.0000314    .0000409
                 elevation |   .0042488   .0009356     4.54   0.000     .0024148    .0060827
                 near_dist |  -.0169923   .0013763   -12.35   0.000      -.01969   -.0142946
                     _cons |   59.29957   .4725743   125.48   0.000     58.37328    60.22587
--------------------------------------------------------------------------------------------

    Variable |        Obs        Mean    Std. Dev.       Min        Max
-------------+---------------------------------------------------------
         pop |     16,618    15055.13    14777.33        217     111086

Two-sample t test with unequal variances
------------------------------------------------------------------------------
   Group |     Obs        Mean    Std. Err.   Std. Dev.   [95% Conf. Interval]
---------+--------------------------------------------------------------------
       0 |  16,356    15152.51    115.8627    14817.75    14925.41    15379.61
       1 |     262    8975.588    637.7025    10322.12    7719.891    10231.28
---------+--------------------------------------------------------------------
combined |  16,618    15055.13    114.6322    14777.33    14830.43    15279.82
---------+--------------------------------------------------------------------
    diff |            6176.923    648.1425                4901.043    7452.803
------------------------------------------------------------------------------
    diff = mean(0) - mean(1)                                      t =   9.5302
Ho: diff = 0                     Satterthwaite's degrees of freedom =  278.511

    Ha: diff < 0                 Ha: diff != 0                 Ha: diff > 0
 Pr(T < t) = 1.0000         Pr(|T| > |t|) = 0.0000          Pr(T > t) = 0.0000

      Source |       SS           df       MS      Number of obs   =    16,618
-------------+----------------------------------   F(1, 16616)     =    955.53
       Model |  1.9732e+11         1  1.9732e+11   Prob > F        =    0.0000
    Residual |  3.4313e+12    16,616   206507074   R-squared       =    0.0544
-------------+----------------------------------   Adj R-squared   =    0.0543
       Total |  3.6286e+12    16,617   218369442   Root MSE        =     14370

--------------------------------------------------------------------------------------------
                       pop |      Coef.   Std. Err.      t    P>|t|     [95% Conf. Interval]
---------------------------+----------------------------------------------------------------
first_us_turb_pot_wind_cap |   -179.114    5.79439   -30.91   0.000    -190.4717   -167.7564
                     _cons |   16046.79   115.9994   138.34   0.000     15819.42    16274.16
--------------------------------------------------------------------------------------------

      Source |       SS           df       MS      Number of obs   =    16,618
-------------+----------------------------------   F(4, 16613)     =    270.89
       Model |  2.2218e+11         4  5.5546e+10   Prob > F        =    0.0000
    Residual |  3.4065e+12    16,613   205047987   R-squared       =    0.0612
-------------+----------------------------------   Adj R-squared   =    0.0610
       Total |  3.6286e+12    16,617   218369442   Root MSE        =     14319

--------------------------------------------------------------------------------------------
                       pop |      Coef.   Std. Err.      t    P>|t|     [95% Conf. Interval]
---------------------------+----------------------------------------------------------------
first_us_turb_pot_wind_cap |  -178.8985   5.994896   -29.84   0.000    -190.6491   -167.1479
                avg_income |   .8380515   3.261249     0.26   0.797    -5.554346    7.230449
                 elevation |  -3.769482   .3924412    -9.61   0.000    -4.538709   -3.000255
                 near_dist |   1.444041   .5810599     2.49   0.013     .3051011     2.58298
                     _cons |   16779.43   244.7706    68.55   0.000     16299.66    17259.21
--------------------------------------------------------------------------------------------

    Variable |        Obs        Mean    Std. Dev.       Min        Max
-------------+---------------------------------------------------------
   elevation |     16,618    294.6454    383.4397        -37       3630

Two-sample t test with unequal variances
------------------------------------------------------------------------------
   Group |     Obs        Mean    Std. Err.   Std. Dev.   [95% Conf. Interval]
---------+--------------------------------------------------------------------
       0 |  16,356    291.3265    2.988661    382.2216    285.4684    297.1846
       1 |     262    501.8397    24.88517    402.8016    452.8384    550.8409
---------+--------------------------------------------------------------------
combined |  16,618    294.6454    2.974457    383.4397    288.8152    300.4757
---------+--------------------------------------------------------------------
    diff |           -210.5132    25.06399               -259.8601   -161.1663
------------------------------------------------------------------------------
    diff = mean(0) - mean(1)                                      t =  -8.3990
Ho: diff = 0                     Satterthwaite's degrees of freedom =  268.583

    Ha: diff < 0                 Ha: diff != 0                 Ha: diff > 0
 Pr(T < t) = 0.0000         Pr(|T| > |t|) = 0.0000          Pr(T > t) = 1.0000

      Source |       SS           df       MS      Number of obs   =    16,618
-------------+----------------------------------   F(1, 16616)     =     70.08
       Model |  10261139.3         1  10261139.3   Prob > F        =    0.0000
    Residual |  2.4329e+09    16,616  146417.341   R-squared       =    0.0042
-------------+----------------------------------   Adj R-squared   =    0.0041
       Total |  2.4431e+09    16,617  147026.038   Root MSE        =    382.65

--------------------------------------------------------------------------------------------
                 elevation |      Coef.   Std. Err.      t    P>|t|     [95% Conf. Interval]
---------------------------+----------------------------------------------------------------
first_us_turb_pot_wind_cap |    1.29163   .1542895     8.37   0.000     .9892057    1.594054
                     _cons |   287.4944   3.088764    93.08   0.000     281.4401    293.5487
--------------------------------------------------------------------------------------------

      Source |       SS           df       MS      Number of obs   =    16,618
-------------+----------------------------------   F(4, 16613)     =   3510.37
       Model |  1.1191e+09         4   279772930   Prob > F        =    0.0000
    Residual |  1.3240e+09    16,613   79699.028   R-squared       =    0.4581
-------------+----------------------------------   Adj R-squared   =    0.4579
       Total |  2.4431e+09    16,617  147026.038   Root MSE        =    282.31

--------------------------------------------------------------------------------------------
                 elevation |      Coef.   Std. Err.      t    P>|t|     [95% Conf. Interval]
---------------------------+----------------------------------------------------------------
first_us_turb_pot_wind_cap |  -2.197015   .1201129   -18.29   0.000    -2.432449   -1.961581
                avg_income |   .2917947   .0642561     4.54   0.000     .1658459    .4177435
                       pop |  -.0014651   .0001525    -9.61   0.000    -.0017641   -.0011662
                 near_dist |   .9919535   .0084883   116.86   0.000     .9753155    1.008592
                     _cons |   86.04274   5.424828    15.86   0.000      75.4095    96.67598
--------------------------------------------------------------------------------------------

    Variable |        Obs        Mean    Std. Dev.       Min        Max
-------------+---------------------------------------------------------
   near_dist |     16,618    228.1892    267.0269   .0020966   1316.173

Two-sample t test with unequal variances
------------------------------------------------------------------------------
   Group |     Obs        Mean    Std. Err.   Std. Dev.   [95% Conf. Interval]
---------+--------------------------------------------------------------------
       0 |  16,356    225.8625    2.075569    265.4457    221.7941    229.9308
       1 |     262      373.44    19.81021    320.6562    334.4318    412.4482
---------+--------------------------------------------------------------------
combined |  16,618    228.1892    2.071408    267.0269     224.129    232.2493
---------+--------------------------------------------------------------------
    diff |           -147.5775    19.91864               -186.7953   -108.3598
------------------------------------------------------------------------------
    diff = mean(0) - mean(1)                                      t =  -7.4090
Ho: diff = 0                     Satterthwaite's degrees of freedom =  266.761

    Ha: diff < 0                 Ha: diff != 0                 Ha: diff > 0
 Pr(T < t) = 0.0000         Pr(|T| > |t|) = 0.0000          Pr(T > t) = 1.0000

      Source |       SS           df       MS      Number of obs   =    16,618
-------------+----------------------------------   F(1, 16616)     =    984.90
       Model |    66301281         1    66301281   Prob > F        =    0.0000
    Residual |  1.1185e+09    16,616  67317.4751   R-squared       =    0.0560
-------------+----------------------------------   Adj R-squared   =    0.0559
       Total |  1.1848e+09    16,617   71303.391   Root MSE        =    259.46

--------------------------------------------------------------------------------------------
                 near_dist |      Coef.   Std. Err.      t    P>|t|     [95% Conf. Interval]
---------------------------+----------------------------------------------------------------
first_us_turb_pot_wind_cap |   3.283229   .1046175    31.38   0.000     3.078168     3.48829
                     _cons |   210.0116   2.094365   100.27   0.000     205.9064    214.1168
--------------------------------------------------------------------------------------------

      Source |       SS           df       MS      Number of obs   =    16,618
-------------+----------------------------------   F(4, 16613)     =   3952.60
       Model |   577759559         4   144439890   Prob > F        =    0.0000
    Residual |   607088889    16,613  36543.0018   R-squared       =    0.4876
-------------+----------------------------------   Adj R-squared   =    0.4875
       Total |  1.1848e+09    16,617   71303.391   Root MSE        =    191.16

--------------------------------------------------------------------------------------------
                 near_dist |      Coef.   Std. Err.      t    P>|t|     [95% Conf. Interval]
---------------------------+----------------------------------------------------------------
first_us_turb_pot_wind_cap |   2.685761   .0794609    33.80   0.000     2.530009    2.841512
                avg_income |  -.5350805   .0433387   -12.35   0.000     -.620029    -.450132
                       pop |   .0002574   .0001036     2.49   0.013     .0000544    .0004603
                 elevation |   .4548231    .003892   116.86   0.000     .4471944    .4624518
                     _cons |   105.6378   3.609163    29.27   0.000     98.56341    112.7121
--------------------------------------------------------------------------------------------
  16,618
  262
  16,356
(note: file ../output/tables.txt not found)

. 
end of do-file

 make.py ended: 2018-04-01 17:34:34
